[2024-06-18T07:45:01.864+0000] {taskinstance.py:1159} INFO - Dependencies all met for dep_context=non-requeueable deps ti=<TaskInstance: weather.weather_data scheduled__2024-06-18T07:30:00+00:00 [queued]>
[2024-06-18T07:45:01.868+0000] {taskinstance.py:1159} INFO - Dependencies all met for dep_context=requeueable deps ti=<TaskInstance: weather.weather_data scheduled__2024-06-18T07:30:00+00:00 [queued]>
[2024-06-18T07:45:01.868+0000] {taskinstance.py:1361} INFO - Starting attempt 1 of 1
[2024-06-18T07:45:01.873+0000] {taskinstance.py:1382} INFO - Executing <Task(PythonOperator): weather_data> on 2024-06-18 07:30:00+00:00
[2024-06-18T07:45:01.875+0000] {standard_task_runner.py:57} INFO - Started process 201 to run task
[2024-06-18T07:45:01.883+0000] {standard_task_runner.py:84} INFO - Running: ['***', 'tasks', 'run', 'weather', 'weather_data', 'scheduled__2024-06-18T07:30:00+00:00', '--job-id', '6', '--raw', '--subdir', 'DAGS_FOLDER/kafka_stream.py', '--cfg-path', '/tmp/tmpn338u3p3']
[2024-06-18T07:45:01.889+0000] {standard_task_runner.py:85} INFO - Job 6: Subtask weather_data
[2024-06-18T07:45:01.961+0000] {task_command.py:415} INFO - Running <TaskInstance: weather.weather_data scheduled__2024-06-18T07:30:00+00:00 [running]> on host feb0d45f1e24
[2024-06-18T07:45:02.038+0000] {taskinstance.py:1660} INFO - Exporting env vars: AIRFLOW_CTX_DAG_OWNER='***' AIRFLOW_CTX_DAG_ID='weather' AIRFLOW_CTX_TASK_ID='weather_data' AIRFLOW_CTX_EXECUTION_DATE='2024-06-18T07:30:00+00:00' AIRFLOW_CTX_TRY_NUMBER='1' AIRFLOW_CTX_DAG_RUN_ID='scheduled__2024-06-18T07:30:00+00:00'
[2024-06-18T07:45:02.074+0000] {conn.py:380} INFO - <BrokerConnection node_id=bootstrap-0 host=broker:29092 <connecting> [IPv4 ('192.168.160.8', 29092)]>: connecting to broker:29092 [('192.168.160.8', 29092) IPv4]
[2024-06-18T07:45:02.074+0000] {conn.py:1205} INFO - Probing node bootstrap-0 broker version
[2024-06-18T07:45:02.074+0000] {conn.py:410} INFO - <BrokerConnection node_id=bootstrap-0 host=broker:29092 <connecting> [IPv4 ('192.168.160.8', 29092)]>: Connection complete.
[2024-06-18T07:45:02.179+0000] {conn.py:1267} INFO - Broker version identified as 2.5.0
[2024-06-18T07:45:02.180+0000] {conn.py:1268} INFO - Set configuration api_version=(2, 5, 0) to skip auto check_version requests on startup
[2024-06-18T07:45:02.185+0000] {logging_mixin.py:151} WARNING - /home/***/.local/lib/python3.9/site-packages/***/utils/context.py:314 AirflowContextDeprecationWarning: Accessing 'execution_date' from the template is deprecated and will be removed in a future version. Please use 'data_interval_start' or 'logical_date' instead.
[2024-06-18T07:45:02.185+0000] {logging_mixin.py:151} WARNING - /home/***/.local/lib/python3.9/site-packages/***/utils/context.py:314 AirflowContextDeprecationWarning: Accessing 'next_ds' from the template is deprecated and will be removed in a future version. Please use '{{ data_interval_end | ds }}' instead.
[2024-06-18T07:45:02.186+0000] {secrets_masker.py:277} WARNING - Unable to redact <Proxy at 0xffff9ae428c0 wrapping '2024-06-18' at 0xffff9a83e3f0 with factory functools.partial(<function lazy_mapping_from_context.<locals>._deprecated_proxy_factory at 0xffff9a810c10>, 'next_ds', '2024-06-18')>, please report this via <https://github.com/apache/***/issues>. Error was: TypeError: ObjectProxy() missing required argument 'wrapped' (pos 1)
[2024-06-18T07:45:02.186+0000] {logging_mixin.py:151} WARNING - /home/***/.local/lib/python3.9/site-packages/***/utils/context.py:314 AirflowContextDeprecationWarning: Accessing 'next_ds_nodash' from the template is deprecated and will be removed in a future version. Please use '{{ data_interval_end | ds_nodash }}' instead.
[2024-06-18T07:45:02.187+0000] {secrets_masker.py:277} WARNING - Unable to redact <Proxy at 0xffff9ad7bf80 wrapping '20240618' at 0xffff9aa29730 with factory functools.partial(<function lazy_mapping_from_context.<locals>._deprecated_proxy_factory at 0xffff9a810c10>, 'next_ds_nodash', '20240618')>, please report this via <https://github.com/apache/***/issues>. Error was: TypeError: ObjectProxy() missing required argument 'wrapped' (pos 1)
[2024-06-18T07:45:02.187+0000] {logging_mixin.py:151} WARNING - /home/***/.local/lib/python3.9/site-packages/***/utils/context.py:314 AirflowContextDeprecationWarning: Accessing 'next_execution_date' from the template is deprecated and will be removed in a future version. Please use 'data_interval_end' instead.
[2024-06-18T07:45:02.188+0000] {logging_mixin.py:151} WARNING - /home/***/.local/lib/python3.9/site-packages/***/utils/context.py:314 AirflowContextDeprecationWarning: Accessing 'prev_ds' from the template is deprecated and will be removed in a future version.
[2024-06-18T07:45:02.188+0000] {secrets_masker.py:277} WARNING - Unable to redact <Proxy at 0xffff9a756ac0 wrapping '2024-06-18' at 0xffff9a7ea230 with factory functools.partial(<function lazy_mapping_from_context.<locals>._deprecated_proxy_factory at 0xffff9a810c10>, 'prev_ds', '2024-06-18')>, please report this via <https://github.com/apache/***/issues>. Error was: TypeError: ObjectProxy() missing required argument 'wrapped' (pos 1)
[2024-06-18T07:45:02.189+0000] {logging_mixin.py:151} WARNING - /home/***/.local/lib/python3.9/site-packages/***/utils/context.py:314 AirflowContextDeprecationWarning: Accessing 'prev_ds_nodash' from the template is deprecated and will be removed in a future version.
[2024-06-18T07:45:02.189+0000] {secrets_masker.py:277} WARNING - Unable to redact <Proxy at 0xffff9a756b40 wrapping '20240618' at 0xffff9a844170 with factory functools.partial(<function lazy_mapping_from_context.<locals>._deprecated_proxy_factory at 0xffff9a810c10>, 'prev_ds_nodash', '20240618')>, please report this via <https://github.com/apache/***/issues>. Error was: TypeError: ObjectProxy() missing required argument 'wrapped' (pos 1)
[2024-06-18T07:45:02.190+0000] {logging_mixin.py:151} WARNING - /home/***/.local/lib/python3.9/site-packages/***/utils/context.py:314 AirflowContextDeprecationWarning: Accessing 'prev_execution_date' from the template is deprecated and will be removed in a future version.
[2024-06-18T07:45:02.190+0000] {logging_mixin.py:151} WARNING - /home/***/.local/lib/python3.9/site-packages/***/utils/context.py:314 AirflowContextDeprecationWarning: Accessing 'prev_execution_date_success' from the template is deprecated and will be removed in a future version. Please use 'prev_data_interval_start_success' instead.
[2024-06-18T07:45:02.191+0000] {logging_mixin.py:151} WARNING - /home/***/.local/lib/python3.9/site-packages/***/utils/context.py:314 AirflowContextDeprecationWarning: Accessing 'tomorrow_ds' from the template is deprecated and will be removed in a future version.
[2024-06-18T07:45:02.191+0000] {secrets_masker.py:277} WARNING - Unable to redact <Proxy at 0xffff9a756a00 wrapping '2024-06-19' at 0xffff9a7ea6b0 with factory functools.partial(<function lazy_mapping_from_context.<locals>._deprecated_proxy_factory at 0xffff9a810c10>, 'tomorrow_ds', '2024-06-19')>, please report this via <https://github.com/apache/***/issues>. Error was: TypeError: ObjectProxy() missing required argument 'wrapped' (pos 1)
[2024-06-18T07:45:02.191+0000] {logging_mixin.py:151} WARNING - /home/***/.local/lib/python3.9/site-packages/***/utils/context.py:314 AirflowContextDeprecationWarning: Accessing 'tomorrow_ds_nodash' from the template is deprecated and will be removed in a future version.
[2024-06-18T07:45:02.192+0000] {secrets_masker.py:277} WARNING - Unable to redact <Proxy at 0xffff9a756a40 wrapping '20240619' at 0xffff9a7ea270 with factory functools.partial(<function lazy_mapping_from_context.<locals>._deprecated_proxy_factory at 0xffff9a810c10>, 'tomorrow_ds_nodash', '20240619')>, please report this via <https://github.com/apache/***/issues>. Error was: TypeError: ObjectProxy() missing required argument 'wrapped' (pos 1)
[2024-06-18T07:45:02.203+0000] {logging_mixin.py:151} WARNING - /home/***/.local/lib/python3.9/site-packages/***/utils/context.py:314 AirflowContextDeprecationWarning: Accessing 'yesterday_ds' from the template is deprecated and will be removed in a future version.
[2024-06-18T07:45:02.203+0000] {secrets_masker.py:277} WARNING - Unable to redact <Proxy at 0xffff9a756140 wrapping '2024-06-17' at 0xffff9a7f49f0 with factory functools.partial(<function lazy_mapping_from_context.<locals>._deprecated_proxy_factory at 0xffff9a810c10>, 'yesterday_ds', '2024-06-17')>, please report this via <https://github.com/apache/***/issues>. Error was: TypeError: ObjectProxy() missing required argument 'wrapped' (pos 1)
[2024-06-18T07:45:02.203+0000] {logging_mixin.py:151} WARNING - /home/***/.local/lib/python3.9/site-packages/***/utils/context.py:314 AirflowContextDeprecationWarning: Accessing 'yesterday_ds_nodash' from the template is deprecated and will be removed in a future version.
[2024-06-18T07:45:02.204+0000] {secrets_masker.py:277} WARNING - Unable to redact <Proxy at 0xffff9a756d00 wrapping '20240617' at 0xffff9a83e330 with factory functools.partial(<function lazy_mapping_from_context.<locals>._deprecated_proxy_factory at 0xffff9a810c10>, 'yesterday_ds_nodash', '20240617')>, please report this via <https://github.com/apache/***/issues>. Error was: TypeError: ObjectProxy() missing required argument 'wrapped' (pos 1)
[2024-06-18T07:45:02.181+0000] {kafka_stream.py:62} INFO - {'conf': <airflow.configuration.AirflowConfigParser object at 0xffffa02a72e0>, 'dag': <DAG: weather>, 'dag_run': <DagRun weather @ 2024-06-18 07:30:00+00:00: scheduled__2024-06-18T07:30:00+00:00, state:running, queued_at: 2024-06-18 07:45:00.548330+00:00. externally triggered: False>, 'data_interval_end': DateTime(2024, 6, 18, 7, 45, 0, tzinfo=Timezone('UTC')), 'data_interval_start': DateTime(2024, 6, 18, 7, 30, 0, tzinfo=Timezone('UTC')), 'ds': '2024-06-18', 'ds_nodash': '20240618', 'execution_date': <Proxy at 0xffff9a7c0200 wrapping DateTime(2024, 6, 18, 7, 30, 0, tzinfo=Timezone('UTC')) at 0xffff9a845bd0 with factory functools.partial(<function lazy_mapping_from_context.<locals>._deprecated_proxy_factory at 0xffff9a810c10>, 'execution_date', DateTime(2024, 6, 18, 7, 30, 0, tzinfo=Timezone('UTC')))>, 'expanded_ti_count': None, 'inlets': [], 'logical_date': DateTime(2024, 6, 18, 7, 30, 0, tzinfo=Timezone('UTC')), 'macros': <module 'airflow.macros' from '/home/airflow/.local/lib/python3.9/site-packages/airflow/macros/__init__.py'>, 'next_ds': <Proxy at 0xffff9ae428c0 wrapping '2024-06-18' at 0xffff9a83e3f0 with factory functools.partial(<function lazy_mapping_from_context.<locals>._deprecated_proxy_factory at 0xffff9a810c10>, 'next_ds', '2024-06-18')>, 'next_ds_nodash': <Proxy at 0xffff9ad7bf80 wrapping '20240618' at 0xffff9aa29730 with factory functools.partial(<function lazy_mapping_from_context.<locals>._deprecated_proxy_factory at 0xffff9a810c10>, 'next_ds_nodash', '20240618')>, 'next_execution_date': <Proxy at 0xffff9a7976c0 wrapping DateTime(2024, 6, 18, 7, 45, 0, tzinfo=Timezone('UTC')) at 0xffff9a845c20 with factory functools.partial(<function lazy_mapping_from_context.<locals>._deprecated_proxy_factory at 0xffff9a810c10>, 'next_execution_date', DateTime(2024, 6, 18, 7, 45, 0, tzinfo=Timezone('UTC')))>, 'outlets': [], 'params': {}, 'prev_data_interval_start_success': DateTime(2024, 6, 18, 7, 15, 0, tzinfo=Timezone('UTC')), 'prev_data_interval_end_success': DateTime(2024, 6, 18, 7, 30, 0, tzinfo=Timezone('UTC')), 'prev_ds': <Proxy at 0xffff9a756ac0 wrapping '2024-06-18' at 0xffff9a7ea230 with factory functools.partial(<function lazy_mapping_from_context.<locals>._deprecated_proxy_factory at 0xffff9a810c10>, 'prev_ds', '2024-06-18')>, 'prev_ds_nodash': <Proxy at 0xffff9a756b40 wrapping '20240618' at 0xffff9a844170 with factory functools.partial(<function lazy_mapping_from_context.<locals>._deprecated_proxy_factory at 0xffff9a810c10>, 'prev_ds_nodash', '20240618')>, 'prev_execution_date': <Proxy at 0xffff9a7568c0 wrapping DateTime(2024, 6, 18, 7, 15, 0, tzinfo=Timezone('UTC')) at 0xffff9a7e2860 with factory functools.partial(<function lazy_mapping_from_context.<locals>._deprecated_proxy_factory at 0xffff9a810c10>, 'prev_execution_date', DateTime(2024, 6, 18, 7, 15, 0, tzinfo=Timezone('UTC')))>, 'prev_execution_date_success': <Proxy at 0xffff9a756a80 wrapping DateTime(2024, 6, 18, 7, 15, 0, tzinfo=Timezone('UTC')) at 0xffff9a7f0590 with factory functools.partial(<function lazy_mapping_from_context.<locals>._deprecated_proxy_factory at 0xffff9a810c10>, 'prev_execution_date_success', DateTime(2024, 6, 18, 7, 15, 0, tzinfo=Timezone('UTC')))>, 'prev_start_date_success': DateTime(2024, 6, 18, 7, 30, 0, 829605, tzinfo=Timezone('UTC')), 'run_id': 'scheduled__2024-06-18T07:30:00+00:00', 'task': <Task(PythonOperator): weather_data>, 'task_instance': <TaskInstance: weather.weather_data scheduled__2024-06-18T07:30:00+00:00 [running]>, 'task_instance_key_str': 'weather__weather_data__20240618', 'test_mode': False, 'ti': <TaskInstance: weather.weather_data scheduled__2024-06-18T07:30:00+00:00 [running]>, 'tomorrow_ds': <Proxy at 0xffff9a756a00 wrapping '2024-06-19' at 0xffff9a7ea6b0 with factory functools.partial(<function lazy_mapping_from_context.<locals>._deprecated_proxy_factory at 0xffff9a810c10>, 'tomorrow_ds', '2024-06-19')>, 'tomorrow_ds_nodash': <Proxy at 0xffff9a756a40 wrapping '20240619' at 0xffff9a7ea270 with factory functools.partial(<function lazy_mapping_from_context.<locals>._deprecated_proxy_factory at 0xffff9a810c10>, 'tomorrow_ds_nodash', '20240619')>, 'triggering_dataset_events': {}, 'ts': '2024-06-18T07:30:00+00:00', 'ts_nodash': '20240618T073000', 'ts_nodash_with_tz': '20240618T073000+0000', 'var': {'json': None, 'value': None}, 'conn': None, 'yesterday_ds': <Proxy at 0xffff9a756140 wrapping '2024-06-17' at 0xffff9a7f49f0 with factory functools.partial(<function lazy_mapping_from_context.<locals>._deprecated_proxy_factory at 0xffff9a810c10>, 'yesterday_ds', '2024-06-17')>, 'yesterday_ds_nodash': <Proxy at 0xffff9a756d00 wrapping '20240617' at 0xffff9a83e330 with factory functools.partial(<function lazy_mapping_from_context.<locals>._deprecated_proxy_factory at 0xffff9a810c10>, 'yesterday_ds_nodash', '20240617')>, 'apikey': '***', 'locations': ['Mumbai', 'Pune', 'Surat', 'Kolkata', 'Jammu', 'Bikaner', 'Indore', 'Chennai', 'Bengaluru', 'Ludhiana'], 'days': 2, 'templates_dict': None}
[2024-06-18T07:45:04.060+0000] {conn.py:380} INFO - <BrokerConnection node_id=1 host=broker:29092 <connecting> [IPv4 ('192.168.160.8', 29092)]>: connecting to broker:29092 [('192.168.160.8', 29092) IPv4]
[2024-06-18T07:45:04.072+0000] {conn.py:410} INFO - <BrokerConnection node_id=1 host=broker:29092 <connecting> [IPv4 ('192.168.160.8', 29092)]>: Connection complete.
[2024-06-18T07:45:04.082+0000] {conn.py:919} INFO - <BrokerConnection node_id=bootstrap-0 host=broker:29092 <connected> [IPv4 ('192.168.160.8', 29092)]>: Closing connection. 
[2024-06-18T07:45:06.983+0000] {taskinstance.py:1943} ERROR - Task failed with exception
Traceback (most recent call last):
  File "/home/airflow/.local/lib/python3.9/site-packages/requests/models.py", line 971, in json
    return complexjson.loads(self.text, **kwargs)
  File "/usr/local/lib/python3.9/json/__init__.py", line 346, in loads
    return _default_decoder.decode(s)
  File "/usr/local/lib/python3.9/json/decoder.py", line 337, in decode
    obj, end = self.raw_decode(s, idx=_w(s, 0).end())
  File "/usr/local/lib/python3.9/json/decoder.py", line 355, in raw_decode
    raise JSONDecodeError("Expecting value", s, err.value) from None
json.decoder.JSONDecodeError: Expecting value: line 1 column 1 (char 0)

During handling of the above exception, another exception occurred:

Traceback (most recent call last):
  File "/home/airflow/.local/lib/python3.9/site-packages/airflow/operators/python.py", line 192, in execute
    return_value = self.execute_callable()
  File "/home/airflow/.local/lib/python3.9/site-packages/airflow/operators/python.py", line 209, in execute_callable
    return self.python_callable(*self.op_args, **self.op_kwargs)
  File "/opt/airflow/dags/kafka_stream.py", line 69, in stream_data
    res = get_data(apikey, location, days)
  File "/opt/airflow/dags/kafka_stream.py", line 17, in get_data
    return req.json()
  File "/home/airflow/.local/lib/python3.9/site-packages/requests/models.py", line 975, in json
    raise RequestsJSONDecodeError(e.msg, e.doc, e.pos)
requests.exceptions.JSONDecodeError: Expecting value: line 1 column 1 (char 0)
[2024-06-18T07:45:06.989+0000] {taskinstance.py:1400} INFO - Marking task as FAILED. dag_id=weather, task_id=weather_data, execution_date=20240618T073000, start_date=20240618T074501, end_date=20240618T074506
[2024-06-18T07:45:06.999+0000] {standard_task_runner.py:104} ERROR - Failed to execute job 6 for task weather_data (Expecting value: line 1 column 1 (char 0); 201)
[2024-06-18T07:45:07.014+0000] {local_task_job_runner.py:228} INFO - Task exited with return code 1
[2024-06-18T07:45:07.026+0000] {taskinstance.py:2784} INFO - 0 downstream tasks scheduled from follow-on schedule check
